<?xml version="1.0" encoding="UTF-8"?>
<testng-results ignored="0" total="3" passed="3" failed="0" skipped="0">
  <reporter-output>
  </reporter-output>
  <suite started-at="2022-05-09T03:00:08 IST" name="Suite" finished-at="2022-05-09T03:01:14 IST" duration-ms="65768">
    <groups>
    </groups>
    <test started-at="2022-05-09T03:00:08 IST" name="Test" finished-at="2022-05-09T03:01:14 IST" duration-ms="65768">
      <class name="test.Runnable">
        <test-method is-config="true" signature="InvokeDriver(java.lang.String)[pri:0, instance:test.Runnable@2f8dad04]" started-at="2022-05-09T03:00:09 IST" name="InvokeDriver" finished-at="2022-05-09T03:00:29 IST" duration-ms="20503" status="PASS">
          <params>
            <param index="0">
              <value>
                <![CDATA[Firefox]]>
              </value>
            </param>
          </params>
          <reporter-output>
          </reporter-output>
        </test-method> <!-- InvokeDriver -->
        <test-method signature="EnterData()[pri:0, instance:test.Runnable@2f8dad04]" started-at="2022-05-09T03:00:29 IST" name="EnterData" finished-at="2022-05-09T03:00:35 IST" duration-ms="5662" status="PASS">
          <reporter-output>
          </reporter-output>
        </test-method> <!-- EnterData -->
        <test-method is-config="true" signature="InvokeDriver(java.lang.String)[pri:0, instance:test.Runnable@2f8dad04]" started-at="2022-05-09T03:00:35 IST" name="InvokeDriver" finished-at="2022-05-09T03:00:50 IST" duration-ms="14892" status="PASS">
          <params>
            <param index="0">
              <value>
                <![CDATA[Firefox]]>
              </value>
            </param>
          </params>
          <reporter-output>
          </reporter-output>
        </test-method> <!-- InvokeDriver -->
        <test-method signature="Reset()[pri:1, instance:test.Runnable@2f8dad04]" started-at="2022-05-09T03:00:50 IST" name="Reset" finished-at="2022-05-09T03:00:55 IST" duration-ms="5724" status="PASS">
          <reporter-output>
          </reporter-output>
        </test-method> <!-- Reset -->
        <test-method is-config="true" signature="InvokeDriver(java.lang.String)[pri:0, instance:test.Runnable@2f8dad04]" started-at="2022-05-09T03:00:55 IST" name="InvokeDriver" finished-at="2022-05-09T03:01:11 IST" duration-ms="15103" status="PASS">
          <params>
            <param index="0">
              <value>
                <![CDATA[Firefox]]>
              </value>
            </param>
          </params>
          <reporter-output>
          </reporter-output>
        </test-method> <!-- InvokeDriver -->
        <test-method signature="Errormsg()[pri:2, instance:test.Runnable@2f8dad04]" started-at="2022-05-09T03:01:11 IST" name="Errormsg" finished-at="2022-05-09T03:01:14 IST" duration-ms="3626" status="PASS">
          <reporter-output>
          </reporter-output>
        </test-method> <!-- Errormsg -->
      </class> <!-- test.Runnable -->
    </test> <!-- Test -->
  </suite> <!-- Suite -->
</testng-results>
